<?xml version="1.0" encoding="UTF-8"?>
<testng-results skipped="0" failed="0" total="1" passed="1">
  <reporter-output>
  </reporter-output>
  <suite name="Default suite" duration-ms="18248" started-at="2018-08-23T13:43:03Z" finished-at="2018-08-23T13:43:21Z">
    <groups>
    </groups>
    <test name="Default test" duration-ms="18248" started-at="2018-08-23T13:43:03Z" finished-at="2018-08-23T13:43:21Z">
      <class name="cleancode.hometask.five.CustomerOrder">
        <test-method status="PASS" signature="orderBoque()[pri:0, instance:cleancode.hometask.five.CustomerOrder@a9cd3b1]" name="orderBoque" duration-ms="18216" started-at="2018-08-23T19:13:03Z" finished-at="2018-08-23T19:13:21Z">
          <reporter-output>
          </reporter-output>
        </test-method> <!-- orderBoque -->
      </class> <!-- cleancode.hometask.five.CustomerOrder -->
    </test> <!-- Default test -->
  </suite> <!-- Default suite -->
</testng-results>
