<?xml version="1.0" encoding="UTF-8"?>
<!-- Generated by org.testng.reporters.JUnitXMLReporter -->
<testsuite hostname="EPINHYDW0020" name="CalculatorTest" tests="4" failures="4" timestamp="24 Aug 2018 08:32:38 GMT" time="0.016" errors="0">
  <testcase name="findAllBugsTest" time="0.016" classname="hometask.ten.TestHomeTaskCalculator">
    <failure type="java.lang.NullPointerException">
      <![CDATA[java.lang.NullPointerException
	at hometask.ten.TestHomeTaskCalculator.findAllBugsTest(TestHomeTaskCalculator.java:57)
	at java.util.concurrent.ThreadPoolExecutor.runWorker(Unknown Source)
	at java.util.concurrent.ThreadPoolExecutor$Worker.run(Unknown Source)
	at java.lang.Thread.run(Unknown Source)
... Removed 10 stack frames]]>
    </failure>
  </testcase> <!-- findAllBugsTest -->
  <testcase name="testSquareRoot" time="0.0" classname="hometask.ten.TestHomeTaskCalculator">
    <failure type="java.lang.IllegalArgumentException" message="argument type mismatch">
      <![CDATA[java.lang.IllegalArgumentException: argument type mismatch
	at java.util.concurrent.ThreadPoolExecutor.runWorker(Unknown Source)
	at java.util.concurrent.ThreadPoolExecutor$Worker.run(Unknown Source)
	at java.lang.Thread.run(Unknown Source)
... Removed 10 stack frames]]>
    </failure>
  </testcase> <!-- testSquareRoot -->
  <testcase name="testisPostive" time="0.0" classname="hometask.ten.TestHomeTaskCalculator">
    <failure type="java.lang.NullPointerException">
      <![CDATA[java.lang.NullPointerException
	at hometask.ten.TestHomeTaskCalculator.testisPostive(TestHomeTaskCalculator.java:38)
	at java.util.concurrent.ThreadPoolExecutor.runWorker(Unknown Source)
	at java.util.concurrent.ThreadPoolExecutor$Worker.run(Unknown Source)
	at java.lang.Thread.run(Unknown Source)
... Removed 10 stack frames]]>
    </failure>
  </testcase> <!-- testisPostive -->
  <testcase name="testisNegative" time="0.0" classname="hometask.ten.TestHomeTaskCalculator">
    <failure type="java.lang.NullPointerException">
      <![CDATA[java.lang.NullPointerException
	at hometask.ten.TestHomeTaskCalculator.testisNegative(TestHomeTaskCalculator.java:51)
	at java.util.concurrent.ThreadPoolExecutor.runWorker(Unknown Source)
	at java.util.concurrent.ThreadPoolExecutor$Worker.run(Unknown Source)
	at java.lang.Thread.run(Unknown Source)
... Removed 10 stack frames]]>
    </failure>
  </testcase> <!-- testisNegative -->
</testsuite> <!-- CalculatorTest -->
