<?xml version="1.0" encoding="UTF-8"?>
<testng-results skipped="0" failed="1" total="1" passed="0">
  <reporter-output>
  </reporter-output>
  <suite name="Default suite" duration-ms="63552" started-at="2018-09-04T07:50:42Z" finished-at="2018-09-04T07:51:45Z">
    <groups>
    </groups>
    <test name="Default test" duration-ms="63552" started-at="2018-09-04T07:50:42Z" finished-at="2018-09-04T07:51:45Z">
      <class name="com.epam.automation.tests.Test1">
        <test-method status="FAIL" signature="testOneCanLoginGithub()[pri:0, instance:com.epam.automation.tests.Test1@76908cc0]" name="testOneCanLoginGithub" duration-ms="63536" started-at="2018-09-04T13:20:42Z" finished-at="2018-09-04T13:21:45Z">
          <exception class="org.openqa.selenium.WebDriverException">
            <message>
              <![CDATA[Failed to connect to binary FirefoxBinary(C:\Program Files (x86)\Mozilla Firefox\firefox.exe) on port 7055; process output follows: 
60322	addons.manager	DEBUG	Provider finished startup: PluginProvider
1536047460322	addons.manager	DEBUG	Completed startup sequence
1536047462061	addons.repository	DEBUG	No addons.json found.
1536047462070	addons.manager	DEBUG	Starting provider: PreviousExperimentProvider
1536047462071	addons.manager	DEBUG	Registering shutdown blocker for PreviousExperimentProvider
1536047462071	addons.manager	DEBUG	Provider finished startup: PreviousExperimentProvider
1536047462144	addons.xpi-utils	DEBUG	XPI Database saved, setting schema version preference to 24
1536047462224	addons.xpi	INFO	Mapping fxdriver@googlecode.com to C:\Users\Ramalakshmi_Arigela\AppData\Local\Temp\anonymous223233604238868625webdriver-profile\extensions\fxdriver@googlecode.com
1536047462224	addons.xpi	DEBUG	Ignoring file entry whose name is not a valid add-on ID: C:\Users\Ramalakshmi_Arigela\AppData\Local\Temp\anonymous223233604238868625webdriver-profile\extensions\webdriver-staging
1536047462225	addons.xpi	DEBUG	Existing add-on fxdriver@googlecode.com in app-profile
1536047462225	addons.xpi	INFO	Mapping activity-stream@mozilla.org to C:\Program Files (x86)\Mozilla Firefox\browser\features\activity-stream@mozilla.org.xpi
1536047462225	addons.xpi	INFO	Mapping aushelper@mozilla.org to C:\Program Files (x86)\Mozilla Firefox\browser\features\aushelper@mozilla.org.xpi
1536047462225	addons.xpi	INFO	Mapping firefox@getpocket.com to C:\Program Files (x86)\Mozilla Firefox\browser\features\firefox@getpocket.com.xpi
1536047462225	addons.xpi	INFO	Mapping followonsearch@mozilla.com to C:\Program Files (x86)\Mozilla Firefox\browser\features\followonsearch@mozilla.com.xpi
1536047462225	addons.xpi	INFO	Mapping formautofill@mozilla.org to C:\Program Files (x86)\Mozilla Firefox\browser\features\formautofill@mozilla.org.xpi
1536047462225	addons.xpi	INFO	Mapping onboarding@mozilla.org to C:\Program Files (x86)\Mozilla Firefox\browser\features\onboarding@mozilla.org.xpi
1536047462225	addons.xpi	INFO	Mapping screenshots@mozilla.org to C:\Program Files (x86)\Mozilla Firefox\browser\features\screenshots@mozilla.org.xpi
1536047462225	addons.xpi	INFO	Mapping webcompat@mozilla.org to C:\Program Files (x86)\Mozilla Firefox\browser\features\webcompat@mozilla.org.xpi
1536047462225	addons.xpi	DEBUG	Existing add-on activity-stream@mozilla.org in app-system-defaults
1536047462226	addons.xpi	DEBUG	Existing add-on aushelper@mozilla.org in app-system-defaults
1536047462226	addons.xpi	DEBUG	Existing add-on firefox@getpocket.com in app-system-defaults
1536047462226	addons.xpi	DEBUG	Existing add-on followonsearch@mozilla.com in app-system-defaults
1536047462226	addons.xpi	DEBUG	Existing add-on formautofill@mozilla.org in app-system-defaults
1536047462226	addons.xpi	DEBUG	Existing add-on onboarding@mozilla.org in app-system-defaults
1536047462226	addons.xpi	DEBUG	Existing add-on screenshots@mozilla.org in app-system-defaults
1536047462227	addons.xpi	DEBUG	Existing add-on webcompat@mozilla.org in app-system-defaults
1536047462227	addons.xpi	INFO	Mapping {972ce4c6-7e08-4474-a285-3208198ce6fd} to C:\Program Files (x86)\Mozilla Firefox\browser\extensions\{972ce4c6-7e08-4474-a285-3208198ce6fd}.xpi
1536047462227	addons.xpi	DEBUG	Existing add-on {972ce4c6-7e08-4474-a285-3208198ce6fd} in app-global
1536047462227	addons.xpi	DEBUG	getInstallState changed: false, state: {}
1536047482100	addons.productaddons	INFO	sending request to: https://aus5.mozilla.org/update/3/GMP/60.0.1/20180516032328/WINNT_x86_64-msvc-x64/en-US/release/Windows_NT%206.1.1.0.7601%20(x64)/default/default/update.xml
1536047482893	addons.productaddons	INFO	Completed downloading document
1536047483191	addons.productaddons	INFO	downloadXHR File download. status=200
1536047483194	addons.productaddons	INFO	Downloaded file will be saved to C:\Users\Ramalakshmi_Arigela\AppData\Local\Temp\tmpaddon-6d335c
1536047484082	addons.productaddons	INFO	downloadXHR File download. status=200
1536047484084	addons.productaddons	INFO	Downloaded file will be saved to C:\Users\Ramalakshmi_Arigela\AppData\Local\Temp\tmpaddon-8849a1

Build info: version: '2.53.0', revision: '35ae25b1534ae328c771e0856c93e187490ca824', time: '2016-03-15 10:43:46'
System info: host: 'EPINHYDW0020', ip: '10.71.115.63', os.name: 'Windows 7', os.arch: 'amd64', os.version: '6.1', java.version: '1.8.0_121'
Driver info: driver.version: FirefoxDriver]]>
            </message>
            <full-stacktrace>
              <![CDATA[org.openqa.selenium.WebDriverException: Failed to connect to binary FirefoxBinary(C:\Program Files (x86)\Mozilla Firefox\firefox.exe) on port 7055; process output follows: 
60322	addons.manager	DEBUG	Provider finished startup: PluginProvider
1536047460322	addons.manager	DEBUG	Completed startup sequence
1536047462061	addons.repository	DEBUG	No addons.json found.
1536047462070	addons.manager	DEBUG	Starting provider: PreviousExperimentProvider
1536047462071	addons.manager	DEBUG	Registering shutdown blocker for PreviousExperimentProvider
1536047462071	addons.manager	DEBUG	Provider finished startup: PreviousExperimentProvider
1536047462144	addons.xpi-utils	DEBUG	XPI Database saved, setting schema version preference to 24
1536047462224	addons.xpi	INFO	Mapping fxdriver@googlecode.com to C:\Users\Ramalakshmi_Arigela\AppData\Local\Temp\anonymous223233604238868625webdriver-profile\extensions\fxdriver@googlecode.com
1536047462224	addons.xpi	DEBUG	Ignoring file entry whose name is not a valid add-on ID: C:\Users\Ramalakshmi_Arigela\AppData\Local\Temp\anonymous223233604238868625webdriver-profile\extensions\webdriver-staging
1536047462225	addons.xpi	DEBUG	Existing add-on fxdriver@googlecode.com in app-profile
1536047462225	addons.xpi	INFO	Mapping activity-stream@mozilla.org to C:\Program Files (x86)\Mozilla Firefox\browser\features\activity-stream@mozilla.org.xpi
1536047462225	addons.xpi	INFO	Mapping aushelper@mozilla.org to C:\Program Files (x86)\Mozilla Firefox\browser\features\aushelper@mozilla.org.xpi
1536047462225	addons.xpi	INFO	Mapping firefox@getpocket.com to C:\Program Files (x86)\Mozilla Firefox\browser\features\firefox@getpocket.com.xpi
1536047462225	addons.xpi	INFO	Mapping followonsearch@mozilla.com to C:\Program Files (x86)\Mozilla Firefox\browser\features\followonsearch@mozilla.com.xpi
1536047462225	addons.xpi	INFO	Mapping formautofill@mozilla.org to C:\Program Files (x86)\Mozilla Firefox\browser\features\formautofill@mozilla.org.xpi
1536047462225	addons.xpi	INFO	Mapping onboarding@mozilla.org to C:\Program Files (x86)\Mozilla Firefox\browser\features\onboarding@mozilla.org.xpi
1536047462225	addons.xpi	INFO	Mapping screenshots@mozilla.org to C:\Program Files (x86)\Mozilla Firefox\browser\features\screenshots@mozilla.org.xpi
1536047462225	addons.xpi	INFO	Mapping webcompat@mozilla.org to C:\Program Files (x86)\Mozilla Firefox\browser\features\webcompat@mozilla.org.xpi
1536047462225	addons.xpi	DEBUG	Existing add-on activity-stream@mozilla.org in app-system-defaults
1536047462226	addons.xpi	DEBUG	Existing add-on aushelper@mozilla.org in app-system-defaults
1536047462226	addons.xpi	DEBUG	Existing add-on firefox@getpocket.com in app-system-defaults
1536047462226	addons.xpi	DEBUG	Existing add-on followonsearch@mozilla.com in app-system-defaults
1536047462226	addons.xpi	DEBUG	Existing add-on formautofill@mozilla.org in app-system-defaults
1536047462226	addons.xpi	DEBUG	Existing add-on onboarding@mozilla.org in app-system-defaults
1536047462226	addons.xpi	DEBUG	Existing add-on screenshots@mozilla.org in app-system-defaults
1536047462227	addons.xpi	DEBUG	Existing add-on webcompat@mozilla.org in app-system-defaults
1536047462227	addons.xpi	INFO	Mapping {972ce4c6-7e08-4474-a285-3208198ce6fd} to C:\Program Files (x86)\Mozilla Firefox\browser\extensions\{972ce4c6-7e08-4474-a285-3208198ce6fd}.xpi
1536047462227	addons.xpi	DEBUG	Existing add-on {972ce4c6-7e08-4474-a285-3208198ce6fd} in app-global
1536047462227	addons.xpi	DEBUG	getInstallState changed: false, state: {}
1536047482100	addons.productaddons	INFO	sending request to: https://aus5.mozilla.org/update/3/GMP/60.0.1/20180516032328/WINNT_x86_64-msvc-x64/en-US/release/Windows_NT%206.1.1.0.7601%20(x64)/default/default/update.xml
1536047482893	addons.productaddons	INFO	Completed downloading document
1536047483191	addons.productaddons	INFO	downloadXHR File download. status=200
1536047483194	addons.productaddons	INFO	Downloaded file will be saved to C:\Users\Ramalakshmi_Arigela\AppData\Local\Temp\tmpaddon-6d335c
1536047484082	addons.productaddons	INFO	downloadXHR File download. status=200
1536047484084	addons.productaddons	INFO	Downloaded file will be saved to C:\Users\Ramalakshmi_Arigela\AppData\Local\Temp\tmpaddon-8849a1

Build info: version: '2.53.0', revision: '35ae25b1534ae328c771e0856c93e187490ca824', time: '2016-03-15 10:43:46'
System info: host: 'EPINHYDW0020', ip: '10.71.115.63', os.name: 'Windows 7', os.arch: 'amd64', os.version: '6.1', java.version: '1.8.0_121'
Driver info: driver.version: FirefoxDriver
	at org.openqa.selenium.firefox.internal.NewProfileExtensionConnection.start(NewProfileExtensionConnection.java:125)
	at org.openqa.selenium.firefox.FirefoxDriver.startClient(FirefoxDriver.java:271)
	at org.openqa.selenium.remote.RemoteWebDriver.<init>(RemoteWebDriver.java:119)
	at org.openqa.selenium.firefox.FirefoxDriver.<init>(FirefoxDriver.java:216)
	at org.openqa.selenium.firefox.FirefoxDriver.<init>(FirefoxDriver.java:211)
	at org.openqa.selenium.firefox.FirefoxDriver.<init>(FirefoxDriver.java:207)
	at org.openqa.selenium.firefox.FirefoxDriver.<init>(FirefoxDriver.java:120)
	at com.epam.automation.pages.BasePage.launchBrowser(BasePage.java:30)
	at com.epam.automation.tests.Test1.testOneCanLoginGithub(Test1.java:20)
	at sun.reflect.NativeMethodAccessorImpl.invoke0(Native Method)
	at sun.reflect.NativeMethodAccessorImpl.invoke(Unknown Source)
	at sun.reflect.DelegatingMethodAccessorImpl.invoke(Unknown Source)
	at java.lang.reflect.Method.invoke(Unknown Source)
	at org.testng.internal.MethodInvocationHelper.invokeMethod(MethodInvocationHelper.java:86)
	at org.testng.internal.Invoker.invokeMethod(Invoker.java:643)
	at org.testng.internal.Invoker.invokeTestMethod(Invoker.java:820)
	at org.testng.internal.Invoker.invokeTestMethods(Invoker.java:1128)
	at org.testng.internal.TestMethodWorker.invokeTestMethods(TestMethodWorker.java:129)
	at org.testng.internal.TestMethodWorker.run(TestMethodWorker.java:112)
	at org.testng.TestRunner.privateRun(TestRunner.java:782)
	at org.testng.TestRunner.run(TestRunner.java:632)
	at org.testng.SuiteRunner.runTest(SuiteRunner.java:366)
	at org.testng.SuiteRunner.runSequentially(SuiteRunner.java:361)
	at org.testng.SuiteRunner.privateRun(SuiteRunner.java:319)
	at org.testng.SuiteRunner.run(SuiteRunner.java:268)
	at org.testng.SuiteRunnerWorker.runSuite(SuiteRunnerWorker.java:52)
	at org.testng.SuiteRunnerWorker.run(SuiteRunnerWorker.java:86)
	at org.testng.TestNG.runSuitesSequentially(TestNG.java:1244)
	at org.testng.TestNG.runSuitesLocally(TestNG.java:1169)
	at org.testng.TestNG.run(TestNG.java:1064)
	at org.testng.remote.AbstractRemoteTestNG.run(AbstractRemoteTestNG.java:114)
	at org.testng.remote.RemoteTestNG.initAndRun(RemoteTestNG.java:251)
	at org.testng.remote.RemoteTestNG.main(RemoteTestNG.java:77)
Caused by: org.openqa.selenium.firefox.NotConnectedException: Unable to connect to host 127.0.0.1 on port 7055 after 45000 ms. Firefox console output:
60322	addons.manager	DEBUG	Provider finished startup: PluginProvider
1536047460322	addons.manager	DEBUG	Completed startup sequence
1536047462061	addons.repository	DEBUG	No addons.json found.
1536047462070	addons.manager	DEBUG	Starting provider: PreviousExperimentProvider
1536047462071	addons.manager	DEBUG	Registering shutdown blocker for PreviousExperimentProvider
1536047462071	addons.manager	DEBUG	Provider finished startup: PreviousExperimentProvider
1536047462144	addons.xpi-utils	DEBUG	XPI Database saved, setting schema version preference to 24
1536047462224	addons.xpi	INFO	Mapping fxdriver@googlecode.com to C:\Users\Ramalakshmi_Arigela\AppData\Local\Temp\anonymous223233604238868625webdriver-profile\extensions\fxdriver@googlecode.com
1536047462224	addons.xpi	DEBUG	Ignoring file entry whose name is not a valid add-on ID: C:\Users\Ramalakshmi_Arigela\AppData\Local\Temp\anonymous223233604238868625webdriver-profile\extensions\webdriver-staging
1536047462225	addons.xpi	DEBUG	Existing add-on fxdriver@googlecode.com in app-profile
1536047462225	addons.xpi	INFO	Mapping activity-stream@mozilla.org to C:\Program Files (x86)\Mozilla Firefox\browser\features\activity-stream@mozilla.org.xpi
1536047462225	addons.xpi	INFO	Mapping aushelper@mozilla.org to C:\Program Files (x86)\Mozilla Firefox\browser\features\aushelper@mozilla.org.xpi
1536047462225	addons.xpi	INFO	Mapping firefox@getpocket.com to C:\Program Files (x86)\Mozilla Firefox\browser\features\firefox@getpocket.com.xpi
1536047462225	addons.xpi	INFO	Mapping followonsearch@mozilla.com to C:\Program Files (x86)\Mozilla Firefox\browser\features\followonsearch@mozilla.com.xpi
1536047462225	addons.xpi	INFO	Mapping formautofill@mozilla.org to C:\Program Files (x86)\Mozilla Firefox\browser\features\formautofill@mozilla.org.xpi
1536047462225	addons.xpi	INFO	Mapping onboarding@mozilla.org to C:\Program Files (x86)\Mozilla Firefox\browser\features\onboarding@mozilla.org.xpi
1536047462225	addons.xpi	INFO	Mapping screenshots@mozilla.org to C:\Program Files (x86)\Mozilla Firefox\browser\features\screenshots@mozilla.org.xpi
1536047462225	addons.xpi	INFO	Mapping webcompat@mozilla.org to C:\Program Files (x86)\Mozilla Firefox\browser\features\webcompat@mozilla.org.xpi
1536047462225	addons.xpi	DEBUG	Existing add-on activity-stream@mozilla.org in app-system-defaults
1536047462226	addons.xpi	DEBUG	Existing add-on aushelper@mozilla.org in app-system-defaults
1536047462226	addons.xpi	DEBUG	Existing add-on firefox@getpocket.com in app-system-defaults
1536047462226	addons.xpi	DEBUG	Existing add-on followonsearch@mozilla.com in app-system-defaults
1536047462226	addons.xpi	DEBUG	Existing add-on formautofill@mozilla.org in app-system-defaults
1536047462226	addons.xpi	DEBUG	Existing add-on onboarding@mozilla.org in app-system-defaults
1536047462226	addons.xpi	DEBUG	Existing add-on screenshots@mozilla.org in app-system-defaults
1536047462227	addons.xpi	DEBUG	Existing add-on webcompat@mozilla.org in app-system-defaults
1536047462227	addons.xpi	INFO	Mapping {972ce4c6-7e08-4474-a285-3208198ce6fd} to C:\Program Files (x86)\Mozilla Firefox\browser\extensions\{972ce4c6-7e08-4474-a285-3208198ce6fd}.xpi
1536047462227	addons.xpi	DEBUG	Existing add-on {972ce4c6-7e08-4474-a285-3208198ce6fd} in app-global
1536047462227	addons.xpi	DEBUG	getInstallState changed: false, state: {}
1536047482100	addons.productaddons	INFO	sending request to: https://aus5.mozilla.org/update/3/GMP/60.0.1/20180516032328/WINNT_x86_64-msvc-x64/en-US/release/Windows_NT%206.1.1.0.7601%20(x64)/default/default/update.xml
1536047482893	addons.productaddons	INFO	Completed downloading document
1536047483191	addons.productaddons	INFO	downloadXHR File download. status=200
1536047483194	addons.productaddons	INFO	Downloaded file will be saved to C:\Users\Ramalakshmi_Arigela\AppData\Local\Temp\tmpaddon-6d335c
1536047484082	addons.productaddons	INFO	downloadXHR File download. status=200
1536047484084	addons.productaddons	INFO	Downloaded file will be saved to C:\Users\Ramalakshmi_Arigela\AppData\Local\Temp\tmpaddon-8849a1

	at org.openqa.selenium.firefox.internal.NewProfileExtensionConnection.start(NewProfileExtensionConnection.java:113)
	... 32 more
]]>
            </full-stacktrace>
          </exception> <!-- org.openqa.selenium.WebDriverException -->
          <reporter-output>
          </reporter-output>
        </test-method> <!-- testOneCanLoginGithub -->
      </class> <!-- com.epam.automation.tests.Test1 -->
    </test> <!-- Default test -->
  </suite> <!-- Default suite -->
</testng-results>
